Searching for include files...
Searching for example files...
Searching for images...
Searching for dot files...
Searching for msc files...
Searching for dia files...
Searching for files to exclude
Searching INPUT for files to process...
Searching for files in directory /home/andrew/src/beefocus_gh
Searching for files in directory /home/andrew/src/beefocus_gh/boards
Searching for files in directory /home/andrew/src/beefocus_gh/boards/eagle_libraries
Searching for files in directory /home/andrew/src/beefocus_gh/boards/nema_14_b0
Searching for files in directory /home/andrew/src/beefocus_gh/boards/nema_14_b0/gerber
Searching for files in directory /home/andrew/src/beefocus_gh/cmake_modules
Searching for files in directory /home/andrew/src/beefocus_gh/code_docs
Searching for files in directory /home/andrew/src/beefocus_gh/doc_config
Searching for files in directory /home/andrew/src/beefocus_gh/firmware
Searching for files in directory /home/andrew/src/beefocus_gh/firmware_sim
Searching for files in directory /home/andrew/src/beefocus_gh/travis-ci
Searching for files in directory /home/andrew/src/beefocus_gh/unit_tests
Reading and parsing tag files
Parsing files
Preprocessing /home/andrew/src/beefocus_gh/firmware/basic_types.h...
Parsing file /home/andrew/src/beefocus_gh/firmware/basic_types.h...
Preprocessing /home/andrew/src/beefocus_gh/firmware/command_parser.cpp...
Parsing file /home/andrew/src/beefocus_gh/firmware/command_parser.cpp...
Preprocessing /home/andrew/src/beefocus_gh/firmware/command_parser.h...
Parsing file /home/andrew/src/beefocus_gh/firmware/command_parser.h...
Preprocessing /home/andrew/src/beefocus_gh/firmware/debug_esp8266.cpp...
Parsing file /home/andrew/src/beefocus_gh/firmware/debug_esp8266.cpp...
Preprocessing /home/andrew/src/beefocus_gh/firmware/debug_esp8266.h...
Parsing file /home/andrew/src/beefocus_gh/firmware/debug_esp8266.h...
Preprocessing /home/andrew/src/beefocus_gh/firmware/debug_interface.h...
Parsing file /home/andrew/src/beefocus_gh/firmware/debug_interface.h...
Preprocessing /home/andrew/src/beefocus_gh/firmware/focuser_state.cpp...
Parsing file /home/andrew/src/beefocus_gh/firmware/focuser_state.cpp...
Preprocessing /home/andrew/src/beefocus_gh/firmware/focuser_state.h...
Parsing file /home/andrew/src/beefocus_gh/firmware/focuser_state.h...
Preprocessing /home/andrew/src/beefocus_gh/firmware/hardware_esp8266.cpp...
Parsing file /home/andrew/src/beefocus_gh/firmware/hardware_esp8266.cpp...
Preprocessing /home/andrew/src/beefocus_gh/firmware/hardware_esp8266.h...
Parsing file /home/andrew/src/beefocus_gh/firmware/hardware_esp8266.h...
Preprocessing /home/andrew/src/beefocus_gh/firmware/hardware_interface.cpp...
Parsing file /home/andrew/src/beefocus_gh/firmware/hardware_interface.cpp...
Preprocessing /home/andrew/src/beefocus_gh/firmware/hardware_interface.h...
Parsing file /home/andrew/src/beefocus_gh/firmware/hardware_interface.h...
Preprocessing /home/andrew/src/beefocus_gh/firmware/main.cpp...
Parsing file /home/andrew/src/beefocus_gh/firmware/main.cpp...
Preprocessing /home/andrew/src/beefocus_gh/firmware/net_esp8266.cpp...
Parsing file /home/andrew/src/beefocus_gh/firmware/net_esp8266.cpp...
Preprocessing /home/andrew/src/beefocus_gh/firmware/net_esp8266.h...
Parsing file /home/andrew/src/beefocus_gh/firmware/net_esp8266.h...
Preprocessing /home/andrew/src/beefocus_gh/firmware/net_interface.h...
Parsing file /home/andrew/src/beefocus_gh/firmware/net_interface.h...
Preprocessing /home/andrew/src/beefocus_gh/firmware/simple_ostream.h...
Parsing file /home/andrew/src/beefocus_gh/firmware/simple_ostream.h...
Preprocessing /home/andrew/src/beefocus_gh/firmware/wifi_debug_ostream.h...
Parsing file /home/andrew/src/beefocus_gh/firmware/wifi_debug_ostream.h...
Preprocessing /home/andrew/src/beefocus_gh/firmware/wifi_ostream.h...
Parsing file /home/andrew/src/beefocus_gh/firmware/wifi_ostream.h...
Preprocessing /home/andrew/src/beefocus_gh/firmware/wifi_secrets.h...
Parsing file /home/andrew/src/beefocus_gh/firmware/wifi_secrets.h...
Preprocessing /home/andrew/src/beefocus_gh/firmware_sim/main.cpp...
Parsing file /home/andrew/src/beefocus_gh/firmware_sim/main.cpp...
Reading /home/andrew/src/beefocus_gh/README.md...
Preprocessing /home/andrew/src/beefocus_gh/unit_tests/test_check_for_commands.cpp...
Parsing file /home/andrew/src/beefocus_gh/unit_tests/test_check_for_commands.cpp...
Preprocessing /home/andrew/src/beefocus_gh/unit_tests/test_device.cpp...
Parsing file /home/andrew/src/beefocus_gh/unit_tests/test_device.cpp...
Preprocessing /home/andrew/src/beefocus_gh/unit_tests/test_focuser_state.cpp...
Parsing file /home/andrew/src/beefocus_gh/unit_tests/test_focuser_state.cpp...
Preprocessing /home/andrew/src/beefocus_gh/unit_tests/test_mock_debug.h...
Parsing file /home/andrew/src/beefocus_gh/unit_tests/test_mock_debug.h...
Preprocessing /home/andrew/src/beefocus_gh/unit_tests/test_mock_event.h...
Parsing file /home/andrew/src/beefocus_gh/unit_tests/test_mock_event.h...
Preprocessing /home/andrew/src/beefocus_gh/unit_tests/test_mock_hardware.h...
Parsing file /home/andrew/src/beefocus_gh/unit_tests/test_mock_hardware.h...
Preprocessing /home/andrew/src/beefocus_gh/unit_tests/test_mock_net.h...
Parsing file /home/andrew/src/beefocus_gh/unit_tests/test_mock_net.h...
Building group list...
Building directory list...
Building namespace list...
Building file list...
Building class list...
Associating documentation with classes...
Computing nesting relations for classes...
Building example list...
Searching for enumerations...
Searching for documented typedefs...
Searching for members imported via using declarations...
Searching for included using directives...
Searching for documented variables...
Building interface member list...
Building member list...
Searching for friends...
Searching for documented defines...
Computing class inheritance relations...
Computing class usage relations...
Flushing cached template relations that have become invalid...
Computing class relations...
Add enum values to enums...
Searching for member function documentation...
Creating members for template instances...
Building page list...
Search for main page...
Computing page relations...
Determining the scope of groups...
Sorting lists...
Freeing entry tree
Determining which enums are documented
Computing member relations...
Building full member lists recursively...
Adding members to member groups.
Computing member references...
Inheriting documentation...
Generating disk names...
Adding source references...
Adding xrefitems...
Sorting member lists...
Computing dependencies between directories...
Generating citations page...
Counting data structures...
Resolving user defined references...
Finding anchors and sections in the documentation...
Transferring function references...
Combining using relations...
Adding members to index pages...
Generating style sheet...
Generating search indices...
Generating example documentation...
Generating file sources...
Generating code for file /home/andrew/src/beefocus_gh/firmware/basic_types.h...
Generating code for file /home/andrew/src/beefocus_gh/firmware/command_parser.cpp...
Generating code for file /home/andrew/src/beefocus_gh/firmware/command_parser.h...
Generating code for file /home/andrew/src/beefocus_gh/firmware/debug_esp8266.cpp...
Generating code for file /home/andrew/src/beefocus_gh/firmware/debug_esp8266.h...
Generating code for file /home/andrew/src/beefocus_gh/firmware/debug_interface.h...
Generating code for file /home/andrew/src/beefocus_gh/firmware/focuser_state.cpp...
Generating code for file /home/andrew/src/beefocus_gh/firmware/focuser_state.h...
Generating code for file /home/andrew/src/beefocus_gh/firmware/hardware_esp8266.cpp...
Generating code for file /home/andrew/src/beefocus_gh/firmware/hardware_esp8266.h...
Generating code for file /home/andrew/src/beefocus_gh/firmware/hardware_interface.cpp...
Generating code for file /home/andrew/src/beefocus_gh/firmware/hardware_interface.h...
Generating code for file /home/andrew/src/beefocus_gh/firmware/main.cpp...
Generating code for file /home/andrew/src/beefocus_gh/firmware_sim/main.cpp...
Generating code for file /home/andrew/src/beefocus_gh/firmware/net_esp8266.cpp...
Generating code for file /home/andrew/src/beefocus_gh/firmware/net_esp8266.h...
Generating code for file /home/andrew/src/beefocus_gh/firmware/net_interface.h...
Generating code for file /home/andrew/src/beefocus_gh/firmware/simple_ostream.h...
Generating code for file /home/andrew/src/beefocus_gh/firmware/wifi_debug_ostream.h...
Generating code for file /home/andrew/src/beefocus_gh/firmware/wifi_ostream.h...
Generating code for file /home/andrew/src/beefocus_gh/firmware/wifi_secrets.h...
Generating code for file /home/andrew/src/beefocus_gh/README.md...
Generating code for file /home/andrew/src/beefocus_gh/unit_tests/test_check_for_commands.cpp...
Generating code for file /home/andrew/src/beefocus_gh/unit_tests/test_device.cpp...
Generating code for file /home/andrew/src/beefocus_gh/unit_tests/test_focuser_state.cpp...
Generating code for file /home/andrew/src/beefocus_gh/unit_tests/test_mock_debug.h...
Generating code for file /home/andrew/src/beefocus_gh/unit_tests/test_mock_event.h...
Generating code for file /home/andrew/src/beefocus_gh/unit_tests/test_mock_hardware.h...
Generating code for file /home/andrew/src/beefocus_gh/unit_tests/test_mock_net.h...
Generating file documentation...
Generating docs for file /home/andrew/src/beefocus_gh/firmware/basic_types.h...
Generating docs for file /home/andrew/src/beefocus_gh/firmware/command_parser.cpp...
Generating docs for file /home/andrew/src/beefocus_gh/firmware/command_parser.h...
Generating docs for file /home/andrew/src/beefocus_gh/firmware/debug_esp8266.cpp...
Generating docs for file /home/andrew/src/beefocus_gh/firmware/debug_esp8266.h...
Generating docs for file /home/andrew/src/beefocus_gh/firmware/debug_interface.h...
Generating docs for file /home/andrew/src/beefocus_gh/firmware/focuser_state.cpp...
Generating docs for file /home/andrew/src/beefocus_gh/firmware/focuser_state.h...
Generating docs for file /home/andrew/src/beefocus_gh/firmware/hardware_esp8266.cpp...
Generating docs for file /home/andrew/src/beefocus_gh/firmware/hardware_esp8266.h...
Generating docs for file /home/andrew/src/beefocus_gh/firmware/hardware_interface.cpp...
Generating docs for file /home/andrew/src/beefocus_gh/firmware/hardware_interface.h...
Generating docs for file /home/andrew/src/beefocus_gh/firmware/main.cpp...
Generating docs for file /home/andrew/src/beefocus_gh/firmware_sim/main.cpp...
Generating docs for file /home/andrew/src/beefocus_gh/firmware/net_esp8266.cpp...
Generating docs for file /home/andrew/src/beefocus_gh/firmware/net_esp8266.h...
Generating docs for file /home/andrew/src/beefocus_gh/firmware/net_interface.h...
Generating docs for file /home/andrew/src/beefocus_gh/firmware/simple_ostream.h...
Generating docs for file /home/andrew/src/beefocus_gh/firmware/wifi_debug_ostream.h...
Generating docs for file /home/andrew/src/beefocus_gh/firmware/wifi_ostream.h...
Generating docs for file /home/andrew/src/beefocus_gh/firmware/wifi_secrets.h...
Generating docs for file /home/andrew/src/beefocus_gh/README.md...
Generating docs for file /home/andrew/src/beefocus_gh/unit_tests/test_check_for_commands.cpp...
Generating docs for file /home/andrew/src/beefocus_gh/unit_tests/test_device.cpp...
Generating docs for file /home/andrew/src/beefocus_gh/unit_tests/test_focuser_state.cpp...
Generating docs for file /home/andrew/src/beefocus_gh/unit_tests/test_mock_debug.h...
Generating docs for file /home/andrew/src/beefocus_gh/unit_tests/test_mock_event.h...
Generating docs for file /home/andrew/src/beefocus_gh/unit_tests/test_mock_hardware.h...
Generating docs for file /home/andrew/src/beefocus_gh/unit_tests/test_mock_net.h...
Generating page documentation...
Generating group documentation...
Generating class documentation...
Generating docs for compound DebugESP8266...
Generating docs for compound DebugInterface...
Generating docs for compound DebugInterfaceIgnoreMock...
Generating docs for compound DebugInterfaceSim...
Generating docs for compound EnumHash...
Generating docs for compound HardwareESP8266...
Generating docs for compound HWEvent...
Generating docs for compound HWI...
Generating docs for compound HWISim...
Generating docs for compound HWMockTimed...
Generating docs for compound is_beefocus_ostream...
Generating docs for compound is_beefocus_ostream< DebugInterface >...
Generating docs for compound is_beefocus_ostream< NetInterface >...
Generating docs for compound is_beefocus_ostream< WifiConnectionEthernet >...
Generating docs for compound is_beefocus_ostream< WifiDebugOstream >...
Generating docs for compound NetConnection...
Generating docs for compound NetInterface...
Generating docs for compound NetInterfaceSim...
Generating docs for compound NetMockSimpleTimed...
Generating docs for compound TimedEvent...
Generating docs for compound WifiConnectionEthernet...
Generating docs for compound WifiDebugOstream...
Generating docs for compound WifiInterfaceEthernet...
Generating docs for compound WifiOstream...
Generating namespace index...
Generating docs for namespace BeeFocus
Generating docs for namespace CommandParser
Generating docs for compound CommandParser::CommandPacket...
Generating docs for compound CommandParser::CommandTemplate...
Generating docs for namespace FS
Generating docs for compound FS::Focuser...
Generating docs for compound FS::StateArg...
Generating docs for compound FS::StateStack...
Generating docs for nested compound FS::StateStack::CommandPacket...
Generating docs for compound FS::TimingParams...
Generating docs for namespace WifiSecrets
Generating graph info page...
Generating directory documentation...
Generating dependency graph for directory /home/andrew/src/beefocus_gh/firmware_sim
Generating dependency graph for directory /home/andrew/src/beefocus_gh/unit_tests
Generating index page...
Generating page index...
Generating module index...
Generating namespace index...
Generating namespace member index...
Generating annotated compound index...
Generating alphabetical compound index...
Generating hierarchical class index...
Generating graphical class hierarchy...
Generating member index...
Generating file index...
Generating file member index...
Generating example index...
finalizing index lists...
writing tag file...
Generating search index
Running dot...
Generating dot graphs using 5 parallel threads...
Running dot for graph 1/102
Running dot for graph 2/102
Running dot for graph 3/102
Running dot for graph 4/102
Running dot for graph 5/102
Running dot for graph 6/102
Running dot for graph 7/102
Running dot for graph 8/102
Running dot for graph 9/102
Running dot for graph 10/102
Running dot for graph 11/102
Running dot for graph 12/102
Running dot for graph 13/102
Running dot for graph 14/102
Running dot for graph 15/102
Running dot for graph 16/102
Running dot for graph 17/102
Running dot for graph 18/102
Running dot for graph 19/102
Running dot for graph 20/102
Running dot for graph 21/102
Running dot for graph 22/102
Running dot for graph 23/102
Running dot for graph 24/102
Running dot for graph 25/102
Running dot for graph 26/102
Running dot for graph 27/102
Running dot for graph 28/102
Running dot for graph 29/102
Running dot for graph 30/102
Running dot for graph 31/102
Running dot for graph 32/102
Running dot for graph 33/102
Running dot for graph 34/102
Running dot for graph 35/102
Running dot for graph 36/102
Running dot for graph 37/102
Running dot for graph 38/102
Running dot for graph 39/102
Running dot for graph 40/102
Running dot for graph 41/102
Running dot for graph 42/102
Running dot for graph 43/102
Running dot for graph 44/102
Running dot for graph 45/102
Running dot for graph 46/102
Running dot for graph 47/102
Running dot for graph 48/102
Running dot for graph 49/102
Running dot for graph 50/102
Running dot for graph 51/102
Running dot for graph 52/102
Running dot for graph 53/102
Running dot for graph 54/102
Running dot for graph 55/102
Running dot for graph 56/102
Running dot for graph 57/102
Running dot for graph 58/102
Running dot for graph 59/102
Running dot for graph 60/102
Running dot for graph 61/102
Running dot for graph 62/102
Running dot for graph 63/102
Running dot for graph 64/102
Running dot for graph 65/102
Running dot for graph 66/102
Running dot for graph 67/102
Running dot for graph 68/102
Running dot for graph 69/102
Running dot for graph 70/102
Running dot for graph 71/102
Running dot for graph 72/102
Running dot for graph 73/102
Running dot for graph 74/102
Running dot for graph 75/102
Running dot for graph 76/102
Running dot for graph 77/102
Running dot for graph 78/102
Running dot for graph 79/102
Running dot for graph 80/102
Running dot for graph 81/102
Running dot for graph 82/102
Running dot for graph 83/102
Running dot for graph 84/102
Running dot for graph 85/102
Running dot for graph 86/102
Running dot for graph 87/102
Running dot for graph 88/102
Running dot for graph 89/102
Running dot for graph 90/102
Running dot for graph 91/102
Running dot for graph 92/102
Running dot for graph 93/102
Running dot for graph 94/102
Running dot for graph 95/102
Running dot for graph 96/102
Running dot for graph 97/102
Running dot for graph 98/102
Running dot for graph 99/102
Running dot for graph 100/102
Running dot for graph 101/102
Running dot for graph 102/102
Patching output file 1/156
lookup cache used 895/65536 hits=5703 misses=929
finished...
